0 info it worked if it ends with ok
1 verbose cli [ '/usr/local/bin/node',
1 verbose cli   '/usr/local/bin/npm',
1 verbose cli   'restart',
1 verbose cli   '--production' ]
2 info using npm@1.4.28
3 info using node@v0.10.34
4 verbose run-script [ 'prerestart',
4 verbose run-script   'prestop',
4 verbose run-script   'stop',
4 verbose run-script   'poststop',
4 verbose run-script   'restart',
4 verbose run-script   'prestart',
4 verbose run-script   'start',
4 verbose run-script   'poststart',
4 verbose run-script   'postrestart' ]
5 info prerestart ghost@0.5.8
6 info prestop ghost@0.5.8
7 info stop ghost@0.5.8
8 info poststop ghost@0.5.8
9 info restart ghost@0.5.8
10 info prestart ghost@0.5.8
11 info start ghost@0.5.8
12 verbose unsafe-perm in lifecycle true
13 info ghost@0.5.8 Failed to exec start script
14 error ghost@0.5.8 start: `node index`
14 error Exit status 255
15 error Failed at the ghost@0.5.8 start script.
15 error This is most likely a problem with the ghost package,
15 error not with npm itself.
15 error Tell the author that this fails on your system:
15 error     node index
15 error You can get their info via:
15 error     npm owner ls ghost
15 error There is likely additional logging output above.
16 error System Linux 3.13.0-37-generic
17 error command "/usr/local/bin/node" "/usr/local/bin/npm" "restart" "--production"
18 error cwd /var/www/ghost
19 error node -v v0.10.34
20 error npm -v 1.4.28
21 error code ELIFECYCLE
22 verbose exit [ 1, true ]
